<?xml version="1.0" encoding="UTF-8"?>
<testng-results ignored="0" total="1" passed="1" failed="0" skipped="0">
  <reporter-output>
  </reporter-output>
  <suite started-at="2022-01-24T18:38:22 IST" name="TestMain" finished-at="2022-01-24T18:38:22 IST" duration-ms="37">
    <groups>
    </groups>
    <test started-at="2022-01-24T18:38:22 IST" name="Command line test" finished-at="2022-01-24T18:38:22 IST" duration-ms="37">
      <class name="TestMain">
        <test-method signature="testInputEven()[pri:0, instance:TestMain@6ca8564a]" started-at="2022-01-24T18:38:22 IST" name="testInputEven" finished-at="2022-01-24T18:38:22 IST" duration-ms="7" status="PASS">
          <reporter-output>
          </reporter-output>
        </test-method> <!-- testInputEven -->
      </class> <!-- TestMain -->
    </test> <!-- Command line test -->
  </suite> <!-- TestMain -->
</testng-results>
